2024-04-05 16:37:26,713 INFO o.a.j.u.JMeterUtils: Setting Locale to en_EN
2024-04-05 16:37:26,728 INFO o.a.j.JMeter: Loading user properties from: user.properties
2024-04-05 16:37:26,728 INFO o.a.j.JMeter: Loading system properties from: system.properties
2024-04-05 16:37:26,728 INFO o.a.j.JMeter: Copyright (c) 1998-2024 The Apache Software Foundation
2024-04-05 16:37:26,728 INFO o.a.j.JMeter: Version 5.6.3
2024-04-05 16:37:26,728 INFO o.a.j.JMeter: java.version=22
2024-04-05 16:37:26,728 INFO o.a.j.JMeter: java.vm.name=Java HotSpot(TM) 64-Bit Server VM
2024-04-05 16:37:26,728 INFO o.a.j.JMeter: os.name=Windows 11
2024-04-05 16:37:26,728 INFO o.a.j.JMeter: os.arch=amd64
2024-04-05 16:37:26,728 INFO o.a.j.JMeter: os.version=10.0
2024-04-05 16:37:26,728 INFO o.a.j.JMeter: file.encoding=UTF-8
2024-04-05 16:37:26,728 INFO o.a.j.JMeter: java.awt.headless=null
2024-04-05 16:37:26,728 INFO o.a.j.JMeter: Max memory     =1073741824
2024-04-05 16:37:26,728 INFO o.a.j.JMeter: Available Processors =8
2024-04-05 16:37:26,744 INFO o.a.j.JMeter: Default Locale=English (EN)
2024-04-05 16:37:26,744 INFO o.a.j.JMeter: JMeter  Locale=English (EN)
2024-04-05 16:37:26,744 INFO o.a.j.JMeter: JMeterHome=E:\Software-Engineering-Study\6th-Semester\Lab\Software-Testing-Lab\Lab-06\apache-jmeter-5.6.3\apache-jmeter-5.6.3
2024-04-05 16:37:26,744 INFO o.a.j.JMeter: user.dir  =E:\Software-Engineering-Study\6th-Semester\Lab\Software-Testing-Lab\Lab-06\apache-jmeter-5.6.3\apache-jmeter-5.6.3\bin
2024-04-05 16:37:26,744 INFO o.a.j.JMeter: PWD       =E:\Software-Engineering-Study\6th-Semester\Lab\Software-Testing-Lab\Lab-06\apache-jmeter-5.6.3\apache-jmeter-5.6.3\bin
2024-04-05 16:37:26,744 INFO o.a.j.JMeter: IP: 192.168.0.122 Name: Mahdins-Vivobook FullName: host.docker.internal
2024-04-05 16:37:26,760 INFO o.a.j.JMeter: Loaded icon properties from org/apache/jmeter/images/icon.properties
2024-04-05 16:37:26,875 INFO o.a.j.JMeterGuiLauncher: Setting LAF to: com.github.weisj.darklaf.DarkLaf:com.github.weisj.darklaf.theme.DarculaTheme
2024-04-05 16:37:37,232 INFO o.a.j.s.FileServer: Default base='E:\Software-Engineering-Study\6th-Semester\Lab\Software-Testing-Lab\Lab-06\apache-jmeter-5.6.3\apache-jmeter-5.6.3\bin'
2024-04-05 16:37:37,232 INFO o.a.j.g.a.Load: Loading file: E:\Software-Engineering-Study\6th-Semester\Lab\Software-Testing-Lab\Lab-06\200042170 - Sample Book API Test Plan.jmx
2024-04-05 16:37:37,232 INFO o.a.j.s.FileServer: Set new base='E:\Software-Engineering-Study\6th-Semester\Lab\Software-Testing-Lab\Lab-06'
2024-04-05 16:37:37,420 INFO o.a.j.s.SaveService: Testplan (JMX) version: 2.2. Testlog (JTL) version: 2.2
2024-04-05 16:37:37,451 INFO o.a.j.s.SaveService: Using SaveService properties version 5.0
2024-04-05 16:37:37,451 INFO o.a.j.s.SaveService: Using SaveService properties file encoding UTF-8
2024-04-05 16:37:37,451 INFO o.a.j.s.SaveService: Loading file: E:\Software-Engineering-Study\6th-Semester\Lab\Software-Testing-Lab\Lab-06\200042170 - Sample Book API Test Plan.jmx
2024-04-05 16:37:37,483 INFO o.a.j.p.h.s.HTTPSamplerBase: Parser for text/html is org.apache.jmeter.protocol.http.parser.LagartoBasedHtmlParser
2024-04-05 16:37:37,483 INFO o.a.j.p.h.s.HTTPSamplerBase: Parser for application/xhtml+xml is org.apache.jmeter.protocol.http.parser.LagartoBasedHtmlParser
2024-04-05 16:37:37,483 INFO o.a.j.p.h.s.HTTPSamplerBase: Parser for application/xml is org.apache.jmeter.protocol.http.parser.LagartoBasedHtmlParser
2024-04-05 16:37:37,483 INFO o.a.j.p.h.s.HTTPSamplerBase: Parser for text/xml is org.apache.jmeter.protocol.http.parser.LagartoBasedHtmlParser
2024-04-05 16:37:37,483 INFO o.a.j.p.h.s.HTTPSamplerBase: Parser for text/vnd.wap.wml is org.apache.jmeter.protocol.http.parser.RegexpHTMLParser
2024-04-05 16:37:37,483 INFO o.a.j.p.h.s.HTTPSamplerBase: Parser for text/css is org.apache.jmeter.protocol.http.parser.CssParser
2024-04-05 16:37:37,764 INFO o.a.j.s.SampleResult: Note: Sample TimeStamps are START times
2024-04-05 16:37:37,764 INFO o.a.j.s.SampleResult: sampleresult.default.encoding is set to UTF-8
2024-04-05 16:37:37,764 INFO o.a.j.s.SampleResult: sampleresult.useNanoTime=true
2024-04-05 16:37:37,764 INFO o.a.j.s.SampleResult: sampleresult.nanoThreadSleep=5000
2024-04-05 16:37:37,898 INFO o.a.j.s.FileServer: Set new base='E:\Software-Engineering-Study\6th-Semester\Lab\Software-Testing-Lab\Lab-06'
2024-04-05 16:37:41,528 INFO o.a.j.e.StandardJMeterEngine: Running the test!
2024-04-05 16:37:41,528 INFO o.a.j.s.SampleEvent: List of sample_variables: []
2024-04-05 16:37:41,528 INFO o.a.j.s.SampleEvent: List of sample_variables: []
2024-04-05 16:37:41,528 INFO o.a.j.e.u.CompoundVariable: Note: Function class names must contain the string: '.functions.'
2024-04-05 16:37:41,528 INFO o.a.j.e.u.CompoundVariable: Note: Function class names must not contain the string: '.gui.'
2024-04-05 16:37:41,559 INFO o.a.j.g.u.JMeterMenuBar: setRunning(true, *local*)
2024-04-05 16:37:41,590 INFO o.a.j.e.StandardJMeterEngine: Starting ThreadGroup: 1 : Sample Book API
2024-04-05 16:37:41,590 INFO o.a.j.e.StandardJMeterEngine: Starting 10 threads for group Sample Book API.
2024-04-05 16:37:41,590 INFO o.a.j.e.StandardJMeterEngine: Thread will continue on error
2024-04-05 16:37:41,590 INFO o.a.j.t.ThreadGroup: Starting thread group... number=1 threads=10 ramp-up=2 delayedStart=false
2024-04-05 16:37:41,607 INFO o.a.j.t.JMeterThread: Thread started: Sample Book API 1-1
2024-04-05 16:37:41,611 INFO o.a.j.s.FileServer: Stored: E:/Software-Engineering-Study/6th-Semester/Lab/Software-Testing-Lab/Lab-06/load-test.csv
2024-04-05 16:37:41,611 INFO o.a.j.t.ThreadGroup: Started thread group number 1
2024-04-05 16:37:41,611 INFO o.a.j.e.StandardJMeterEngine: All thread groups have been started
2024-04-05 16:37:41,635 INFO o.a.j.p.h.s.HTTPHCAbstractImpl: Local host = Mahdins-Vivobook
2024-04-05 16:37:41,641 INFO o.a.j.p.h.s.HTTPHC4Impl: HTTP request retry count = 0
2024-04-05 16:37:41,808 INFO o.a.j.t.JMeterThread: Thread started: Sample Book API 1-2
2024-04-05 16:37:42,013 INFO o.a.j.t.JMeterThread: Thread started: Sample Book API 1-3
2024-04-05 16:37:42,194 INFO o.a.j.t.JMeterThread: Thread started: Sample Book API 1-4
2024-04-05 16:37:42,394 INFO o.a.j.t.JMeterThread: Thread started: Sample Book API 1-5
2024-04-05 16:37:42,594 INFO o.a.j.t.JMeterThread: Thread started: Sample Book API 1-6
2024-04-05 16:37:42,793 INFO o.a.j.t.JMeterThread: Thread started: Sample Book API 1-7
2024-04-05 16:37:42,993 INFO o.a.j.t.JMeterThread: Thread started: Sample Book API 1-8
2024-04-05 16:37:43,196 INFO o.a.j.t.JMeterThread: Thread started: Sample Book API 1-9
2024-04-05 16:37:43,399 INFO o.a.j.t.JMeterThread: Thread started: Sample Book API 1-10
2024-04-05 16:37:44,681 INFO o.a.j.t.JMeterThread: Thread is done: Sample Book API 1-2
2024-04-05 16:37:44,681 INFO o.a.j.t.JMeterThread: Thread finished: Sample Book API 1-2
2024-04-05 16:37:44,899 INFO o.a.j.t.JMeterThread: Thread is done: Sample Book API 1-1
2024-04-05 16:37:44,899 INFO o.a.j.t.JMeterThread: Thread finished: Sample Book API 1-1
2024-04-05 16:37:45,096 INFO o.a.j.t.JMeterThread: Thread is done: Sample Book API 1-3
2024-04-05 16:37:45,096 INFO o.a.j.t.JMeterThread: Thread finished: Sample Book API 1-3
2024-04-05 16:37:45,206 INFO o.a.j.t.JMeterThread: Thread is done: Sample Book API 1-4
2024-04-05 16:37:45,206 INFO o.a.j.t.JMeterThread: Thread finished: Sample Book API 1-4
2024-04-05 16:37:45,300 INFO o.a.j.t.JMeterThread: Thread is done: Sample Book API 1-5
2024-04-05 16:37:45,300 INFO o.a.j.t.JMeterThread: Thread finished: Sample Book API 1-5
2024-04-05 16:37:45,722 INFO o.a.j.t.JMeterThread: Thread is done: Sample Book API 1-6
2024-04-05 16:37:45,722 INFO o.a.j.t.JMeterThread: Thread finished: Sample Book API 1-6
2024-04-05 16:37:45,957 INFO o.a.j.t.JMeterThread: Thread is done: Sample Book API 1-7
2024-04-05 16:37:45,957 INFO o.a.j.t.JMeterThread: Thread finished: Sample Book API 1-7
2024-04-05 16:37:46,238 INFO o.a.j.t.JMeterThread: Thread is done: Sample Book API 1-8
2024-04-05 16:37:46,238 INFO o.a.j.t.JMeterThread: Thread finished: Sample Book API 1-8
2024-04-05 16:37:46,269 INFO o.a.j.t.JMeterThread: Thread is done: Sample Book API 1-9
2024-04-05 16:37:46,269 INFO o.a.j.t.JMeterThread: Thread finished: Sample Book API 1-9
2024-04-05 16:37:46,472 INFO o.a.j.t.JMeterThread: Thread is done: Sample Book API 1-10
2024-04-05 16:37:46,472 INFO o.a.j.t.JMeterThread: Thread finished: Sample Book API 1-10
2024-04-05 16:37:46,472 INFO o.a.j.e.StandardJMeterEngine: Notifying test listeners of end of test
2024-04-05 16:37:46,472 INFO o.a.j.s.FileServer: Close: E:/Software-Engineering-Study/6th-Semester/Lab/Software-Testing-Lab/Lab-06/load-test.csv
2024-04-05 16:37:46,472 INFO o.a.j.g.u.JMeterMenuBar: setRunning(false, *local*)
